12/07/06  05:08:57    Launching: zTest...
12/07/06  05:09:14    Success: zTest launched
12/07/06  05:09:38    Launching: zTest...
12/07/06  05:09:48    Success: zTest launched
12/07/06  05:10:37    Launch Error: File D:\USR\code\mynoj\stdnoj\stdnoj\projects\noj_017_spawn\default.file not found.
12/07/06  05:10:42    Launch Error: File D:\USR\code\mynoj\stdnoj\stdnoj\projects\noj_017_spawn\default.file not found.
12/07/06  05:11:17    Launching: zTest...
12/07/06  05:11:25    Success: zTest launched
12/07/06  05:17:17    Launch Error: File D:\USR\code\mynoj\stdnoj\stdnoj\projects\noj_017_spawn\LOGS\default.file not found.
12/07/06  05:17:32    Launching: Task Name Set44...
12/07/06  05:17:41    Success: Task Name Set44 launched
12/07/06  05:17:47    Launching: Task Name Set44...
12/07/06  05:17:52    Success: Task Name Set44 launched
12/07/06  05:17:56    Launching: Task Name Set44...
12/07/06  05:17:59    Success: Task Name Set44 launched
12/07/06  05:19:32    Launch Error: File D:\USR\code\mynoj\stdnoj\stdnoj\projects\noj_017_spawn\LOGS\default.file not found.
12/07/06  06:02:37    Launching: Two Name Setzz...
12/07/06  06:02:43    Success: Two Name Setzz launched
12/07/06  06:02:57    Launching: Two Name Setzz...
12/07/06  06:03:00    Success: Two Name Setzz launched
12/07/06  06:03:09    Launching: Two Name Setzz...
12/07/06  06:03:17    Success: Two Name Setzz launched
12/07/06  06:04:13    Launching: Two Name Setzz...
12/07/06  06:04:17    Success: Two Name Setzz launched
12/07/06  06:04:23    Launching: Two Name Setzz...
12/07/06  06:04:26    Success: Two Name Setzz launched
12/07/06  06:04:28    Launching: Two Name Setzz...
12/07/06  06:04:31    Success: Two Name Setzz launched
12/07/06  06:04:34    Launching: Two Name Setzz...
12/07/06  06:04:36    Success: Two Name Setzz launched
12/07/06  06:04:46    Launching: Two Name Setzz...
12/07/06  06:04:49    Success: Two Name Setzz launched
12/07/06  06:05:04    Launching: Two Name Setzz...
12/07/06  06:05:06    Success: Two Name Setzz launched
12/07/06  06:06:53    Launching: Two Name Setzz...
12/07/06  06:06:56    Success: Two Name Setzz launched
12/07/06  06:07:24    Launching: Two Name Setzz...
12/07/06  06:07:27    Success: Two Name Setzz launched
12/07/06  06:07:41    Launching: Two Name Setzz...
12/07/06  06:07:44    Success: Two Name Setzz launched
